2025-11-05 00:11:06,167 - MarketExecutionAlgo.GRASS - INFO - Starting market order execution for GRASS: 28344.9
2025-11-05 00:11:06,856 - MarketExecutionAlgo.GRASS - ERROR - Market order execution error for GRASS: status422 :: Failed to deserialize the JSON body into the target type
HttpHeaders({'Content-Type': 'text/plain; charset=utf-8', 'Content-Length': '56', 'Connection': 'keep-alive', 'Server': 'nginx/1.22.1', 'Date': 'Wed, 05 Nov 2025 00:11:06 GMT', 'access-control-expose-headers': '*', 'access-control-allow-origin': '*', 'vary': 'access-control-request-headers', 'X-Cache': 'Error from cloudfront', 'Via': '1.1 2385507f5b61fa8340ed5eafca1e99d0.cloudfront.net (CloudFront)', 'X-Amz-Cf-Pop': 'CMH68-P2', 'X-Amz-Cf-Id': 'Bwrn0LYsxEePMQztiZRUBTHEQoK6NFMv63NfGg9V6eHBHTty0zF4ww=='})
{"url": "https://api.hyperliquid.xyz/exchange", "method": "POST", "headers": {"content-type": "application/json"}, "params": null, "data": "{\"action\": {\"type\": \"order\", \"orders\": [{\"a\": 151, \"b\": true, \"p\": \"0.30849\", \"s\": \"28344.900000000001\", \"r\": false, \"t\": {\"limit\": {\"tif\": \"Ioc\"}}}], \"grouping\": \"na\"}, \"nonce\": 1762301466311, \"signature\": {\"r\": \"0x3536c3d9d32f4d40df46eecdd679d37d3c4971a1d6f99e4e433229aef800bfa5\", \"s\": \"0x285cd8ae7dc2f0c463c408b1c3315df430b1215c32771044f2d921b1c5695fe7\", \"v\": 28}, \"vaultAddress\": null}"}
2025-11-05 00:11:13,135 - MarketExecutionAlgo.OM - INFO - Starting market order execution for OM: -38746.2
2025-11-05 00:11:13,307 - MarketExecutionAlgo.OM - ERROR - Market order execution error for OM: Please round the price to 5 decimals, <= 5 significant figures.
2025-11-05 00:11:13,607 - MarketExecutionAlgo.W - INFO - Starting market order execution for W: -264442.2
2025-11-05 00:11:13,780 - MarketExecutionAlgo.PNUT - INFO - Starting market order execution for PNUT: -144420.1
2025-11-05 00:11:13,878 - MarketExecutionAlgo.W - ERROR - Market order execution error for W: Please round the price to 5 decimals, <= 5 significant figures.
2025-11-05 00:11:14,495 - MarketExecutionAlgo.PNUT - ERROR - Market order execution error for PNUT: status422 :: Failed to deserialize the JSON body into the target type
HttpHeaders({'Content-Type': 'text/plain; charset=utf-8', 'Content-Length': '56', 'Connection': 'keep-alive', 'Server': 'nginx/1.22.1', 'Date': 'Wed, 05 Nov 2025 00:11:14 GMT', 'access-control-expose-headers': '*', 'access-control-allow-origin': '*', 'vary': 'access-control-request-headers', 'X-Cache': 'Error from cloudfront', 'Via': '1.1 5401626d63787a47d271753adbb1f35e.cloudfront.net (CloudFront)', 'X-Amz-Cf-Pop': 'CMH68-P2', 'X-Amz-Cf-Id': 'gu0PQXhZ_DB91l5UfsjCettil_U_W59u7c3gpDJ3mLEs_fqAmz7kyQ=='})
{"url": "https://api.hyperliquid.xyz/exchange", "method": "POST", "headers": {"content-type": "application/json"}, "params": null, "data": "{\"action\": {\"type\": \"order\", \"orders\": [{\"a\": 153, \"b\": false, \"p\": \"0.09975\", \"s\": \"144420.100000000006\", \"r\": false, \"t\": {\"limit\": {\"tif\": \"Ioc\"}}}], \"grouping\": \"na\"}, \"nonce\": 1762301473977, \"signature\": {\"r\": \"0x38fe7a084d8d4bfc939ad0e30216e3c7fa99a351332e412e8df091693cbde03a\", \"s\": \"0x3ca832fea8b4e7f59c0c335c302caa1a93355fbb4147a90714c90f9350715f81\", \"v\": 28}, \"vaultAddress\": null}"}
2025-11-05 00:11:14,858 - MarketExecutionAlgo.GRASS - INFO - Starting market order execution for GRASS: 28344.9
2025-11-05 00:11:15,662 - MarketExecutionAlgo.GRASS - ERROR - Market order execution error for GRASS: status422 :: Failed to deserialize the JSON body into the target type
HttpHeaders({'Content-Type': 'text/plain; charset=utf-8', 'Content-Length': '56', 'Connection': 'keep-alive', 'Server': 'nginx/1.22.1', 'Date': 'Wed, 05 Nov 2025 00:11:15 GMT', 'access-control-expose-headers': '*', 'access-control-allow-origin': '*', 'vary': 'access-control-request-headers', 'X-Cache': 'Error from cloudfront', 'Via': '1.1 f33995c678273fd6a10b1337580b6fa2.cloudfront.net (CloudFront)', 'X-Amz-Cf-Pop': 'CMH68-P2', 'X-Amz-Cf-Id': 'EVkDrsFyrxuml5_u-TLNCEY5CHlmZceSQRfLYtz50KIflXPhEM_NyA=='})
{"url": "https://api.hyperliquid.xyz/exchange", "method": "POST", "headers": {"content-type": "application/json"}, "params": null, "data": "{\"action\": {\"type\": \"order\", \"orders\": [{\"a\": 151, \"b\": true, \"p\": \"0.30891\", \"s\": \"28344.900000000001\", \"r\": false, \"t\": {\"limit\": {\"tif\": \"Ioc\"}}}], \"grouping\": \"na\"}, \"nonce\": 1762301475032, \"signature\": {\"r\": \"0x10c95984d5bf88906d527adaf8012766cdf2c1f90e1941637e1b31f1fbbee621\", \"s\": \"0x78da9aab4db9b80dc1a6b1dd8fc0ecd393e833190339c0ee668bbcbfced0a556\", \"v\": 27}, \"vaultAddress\": null}"}
2025-11-05 00:11:29,317 - MarketExecutionAlgo.OM - INFO - Starting market order execution for OM: -38746.2
2025-11-05 00:11:29,464 - MarketExecutionAlgo.OM - ERROR - Market order execution error for OM: Please round the price to 5 decimals, <= 5 significant figures.
2025-11-05 00:11:29,880 - MarketExecutionAlgo.W - INFO - Starting market order execution for W: -264442.2
2025-11-05 00:11:30,074 - MarketExecutionAlgo.W - ERROR - Market order execution error for W: Please round the price to 5 decimals, <= 5 significant figures.
2025-11-05 00:11:30,497 - MarketExecutionAlgo.PNUT - INFO - Starting market order execution for PNUT: -144420.1
2025-11-05 00:11:30,645 - MarketExecutionAlgo.PNUT - ERROR - Market order execution error for PNUT: Please round the price to 5 decimals, <= 5 significant figures.
2025-11-05 00:11:31,664 - MarketExecutionAlgo.GRASS - INFO - Starting market order execution for GRASS: 28344.9
2025-11-05 00:11:32,360 - MarketExecutionAlgo.GRASS - ERROR - Market order execution error for GRASS: status422 :: Failed to deserialize the JSON body into the target type
HttpHeaders({'Content-Type': 'text/plain; charset=utf-8', 'Content-Length': '56', 'Connection': 'keep-alive', 'Server': 'nginx/1.22.1', 'Date': 'Wed, 05 Nov 2025 00:11:32 GMT', 'access-control-expose-headers': '*', 'access-control-allow-origin': '*', 'vary': 'access-control-request-headers', 'X-Cache': 'Error from cloudfront', 'Via': '1.1 e82b003e5929abce569292fc53dbf254.cloudfront.net (CloudFront)', 'X-Amz-Cf-Pop': 'CMH68-P2', 'X-Amz-Cf-Id': 'bH041WPvlbW1wd6OSmhsBaMpAk3n5H0SkAFnuJMczKrha3py2rilGQ=='})
{"url": "https://api.hyperliquid.xyz/exchange", "method": "POST", "headers": {"content-type": "application/json"}, "params": null, "data": "{\"action\": {\"type\": \"order\", \"orders\": [{\"a\": 151, \"b\": true, \"p\": \"0.3099\", \"s\": \"28344.900000000001\", \"r\": false, \"t\": {\"limit\": {\"tif\": \"Ioc\"}}}], \"grouping\": \"na\"}, \"nonce\": 1762301491853, \"signature\": {\"r\": \"0x4e2861885bdd894fd8ede27c374a477eb058a564ac131bebdddb98dca0bf07c6\", \"s\": \"0x5f89519455871f4b8d02a6498a9a9c8f71013539cc9139e03f5279055a10176a\", \"v\": 27}, \"vaultAddress\": null}"}
Terminated
Command exited with non-zero status 143
257.65user 1.41system 17:58.79elapsed 24%CPU (0avgtext+0avgdata 628940maxresident)k
586680inputs+1208outputs (1447major+251703minor)pagefaults 0swaps
